<?xml version="1.0" encoding="UTF-8"?>
<testng-results ignored="0" total="1" passed="1" failed="0" skipped="0">
  <reporter-output>
    <line>
      <![CDATA[Close]]>
    </line>
  </reporter-output>
  <suite started-at="2023-02-09T17:13:11 IST" name="Default suite" finished-at="2023-02-09T17:14:00 IST" duration-ms="49144">
    <groups>
    </groups>
    <test started-at="2023-02-09T17:13:11 IST" name="Default test" finished-at="2023-02-09T17:14:00 IST" duration-ms="49144">
      <class name="capter_screen_shot.Base_Test1">
        <test-method is-config="true" signature="Browser_Setup(java.lang.String)[pri:0, instance:capter_screen_shot.Base_Test1@15aab8c6]" started-at="2023-02-09T17:13:11 IST" name="Browser_Setup" finished-at="2023-02-09T17:13:34 IST" duration-ms="22865" status="PASS">
          <params>
            <param index="0">
              <value>
                <![CDATA[chrome]]>
              </value>
            </param>
          </params>
          <reporter-output>
          </reporter-output>
        </test-method> <!-- Browser_Setup -->
        <test-method signature="Browser_Setup(java.lang.String)[pri:0, instance:capter_screen_shot.Base_Test1@15aab8c6]" started-at="2023-02-09T17:13:34 IST" name="Browser_Setup" finished-at="2023-02-09T17:13:56 IST" duration-ms="22098" status="PASS">
          <params>
            <param index="0">
              <value>
                <![CDATA[chrome]]>
              </value>
            </param>
          </params>
          <reporter-output>
          </reporter-output>
        </test-method> <!-- Browser_Setup -->
        <test-method is-config="true" signature="Browser_tear_down(org.testng.ITestResult)[pri:0, instance:capter_screen_shot.Base_Test1@15aab8c6]" started-at="2023-02-09T17:13:56 IST" name="Browser_tear_down" finished-at="2023-02-09T17:14:00 IST" duration-ms="4146" status="PASS">
          <params>
            <param index="0">
              <value>
                <![CDATA[[TestResult name=Browser_Setup status=SUCCESS method=Base_Test1.Browser_Setup(java.lang.String)[pri:0, instance:capter_screen_shot.Base_Test1@15aab8c6] output={null}]]]>
              </value>
            </param>
          </params>
          <reporter-output>
            <line>
              <![CDATA[Close]]>
            </line>
          </reporter-output>
        </test-method> <!-- Browser_tear_down -->
      </class> <!-- capter_screen_shot.Base_Test1 -->
    </test> <!-- Default test -->
  </suite> <!-- Default suite -->
</testng-results>
