<?xml version="1.0" encoding="UTF-8"?>
<testng-results skipped="0" failed="1" ignored="0" total="4" passed="3">
  <reporter-output>
    <line>
      <![CDATA[Browser is launched succssfully]]>
    </line>
    <line>
      <![CDATA[Window is maximized succssfully]]>
    </line>
    <line>
      <![CDATA[Browser is launched succssfully]]>
    </line>
    <line>
      <![CDATA[Window is maximized succssfully]]>
    </line>
    <line>
      <![CDATA[Browser is launched succssfully]]>
    </line>
    <line>
      <![CDATA[Window is maximized succssfully]]>
    </line>
    <line>
      <![CDATA[Browser is launched succssfully]]>
    </line>
    <line>
      <![CDATA[Window is maximized succssfully]]>
    </line>
  </reporter-output>
  <suite name="Suite" duration-ms="215595" started-at="2022-08-03T14:49:16 IST" finished-at="2022-08-03T14:52:51 IST">
    <groups>
      <group name="smoke">
        <method signature="TC_KAlkifashion_002_Test.login()[pri:0, instance:testCase.TC_KAlkifashion_002_Test@3e9b1010]" name="login" class="testCase.TC_KAlkifashion_002_Test"/>
        <method signature="TC_KalkiFash_001_Test.Login()[pri:0, instance:testCase.TC_KalkiFash_001_Test@6536e911]" name="Login" class="testCase.TC_KalkiFash_001_Test"/>
        <method signature="TC_Kalkifashion_004_Test.login()[pri:0, instance:testCase.TC_Kalkifashion_004_Test@18eed359]" name="login" class="testCase.TC_Kalkifashion_004_Test"/>
        <method signature="TC_kalkiFash_003_Test.login()[pri:0, instance:testCase.TC_kalkiFash_003_Test@520a3426]" name="login" class="testCase.TC_kalkiFash_003_Test"/>
      </group> <!-- smoke -->
    </groups>
    <test name="Test" duration-ms="215595" started-at="2022-08-03T14:49:16 IST" finished-at="2022-08-03T14:52:51 IST">
      <class name="testCase.TC_kalkiFash_003_Test">
        <test-method status="PASS" signature="Browser_Setup()[pri:0, instance:testCase.TC_kalkiFash_003_Test@520a3426]" name="Browser_Setup" is-config="true" duration-ms="3573" started-at="2022-08-03T14:49:57 IST" finished-at="2022-08-03T14:50:01 IST">
          <reporter-output>
            <line>
              <![CDATA[Browser is launched succssfully]]>
            </line>
            <line>
              <![CDATA[Window is maximized succssfully]]>
            </line>
          </reporter-output>
        </test-method> <!-- Browser_Setup -->
        <test-method status="PASS" signature="login()[pri:0, instance:testCase.TC_kalkiFash_003_Test@520a3426]" name="login" duration-ms="50758" started-at="2022-08-03T14:50:01 IST" finished-at="2022-08-03T14:50:52 IST">
          <reporter-output>
          </reporter-output>
        </test-method> <!-- login -->
        <test-method status="PASS" signature="Browser_tear_down()[pri:0, instance:testCase.TC_kalkiFash_003_Test@520a3426]" name="Browser_tear_down" is-config="true" duration-ms="3661" started-at="2022-08-03T14:50:52 IST" finished-at="2022-08-03T14:50:55 IST">
          <reporter-output>
          </reporter-output>
        </test-method> <!-- Browser_tear_down -->
      </class> <!-- testCase.TC_kalkiFash_003_Test -->
      <class name="testCase.TC_Kalkifashion_004_Test">
        <test-method status="PASS" signature="Browser_Setup()[pri:0, instance:testCase.TC_Kalkifashion_004_Test@18eed359]" name="Browser_Setup" is-config="true" duration-ms="4562" started-at="2022-08-03T14:50:55 IST" finished-at="2022-08-03T14:51:00 IST">
          <reporter-output>
            <line>
              <![CDATA[Browser is launched succssfully]]>
            </line>
            <line>
              <![CDATA[Window is maximized succssfully]]>
            </line>
          </reporter-output>
        </test-method> <!-- Browser_Setup -->
        <test-method status="PASS" signature="login()[pri:0, instance:testCase.TC_Kalkifashion_004_Test@18eed359]" name="login" duration-ms="39749" started-at="2022-08-03T14:51:00 IST" finished-at="2022-08-03T14:51:40 IST">
          <reporter-output>
          </reporter-output>
        </test-method> <!-- login -->
        <test-method status="PASS" signature="Browser_tear_down()[pri:0, instance:testCase.TC_Kalkifashion_004_Test@18eed359]" name="Browser_tear_down" is-config="true" duration-ms="4324" started-at="2022-08-03T14:51:40 IST" finished-at="2022-08-03T14:51:44 IST">
          <reporter-output>
          </reporter-output>
        </test-method> <!-- Browser_tear_down -->
      </class> <!-- testCase.TC_Kalkifashion_004_Test -->
      <class name="testCase.TC_KalkiFash_001_Test">
        <test-method status="PASS" signature="Browser_Setup()[pri:0, instance:testCase.TC_KalkiFash_001_Test@6536e911]" name="Browser_Setup" is-config="true" duration-ms="3412" started-at="2022-08-03T14:49:16 IST" finished-at="2022-08-03T14:49:19 IST">
          <reporter-output>
            <line>
              <![CDATA[Browser is launched succssfully]]>
            </line>
            <line>
              <![CDATA[Window is maximized succssfully]]>
            </line>
          </reporter-output>
        </test-method> <!-- Browser_Setup -->
        <test-method status="FAIL" signature="Login()[pri:0, instance:testCase.TC_KalkiFash_001_Test@6536e911]" name="Login" duration-ms="34538" started-at="2022-08-03T14:49:19 IST" finished-at="2022-08-03T14:49:54 IST">
          <exception class="org.openqa.selenium.WebDriverException">
            <message>
              <![CDATA[unknown error: cannot determine loading status
from unknown error: unexpected command response
  (Session info: chrome=103.0.5060.134)
Build info: version: '3.141.59', revision: 'e82be7d358', time: '2018-11-14T08:17:03'
System info: host: 'DESKTOP-VO7LGM5', ip: '192.168.213.64', os.name: 'Windows 10', os.arch: 'amd64', os.version: '10.0', java.version: '1.8.0_202'
Driver info: org.openqa.selenium.chrome.ChromeDriver
Capabilities {acceptInsecureCerts: false, browserName: chrome, browserVersion: 103.0.5060.134, chrome: {chromedriverVersion: 103.0.5060.53 (a1711811edd7..., userDataDir: C:\Users\ravik\AppData\Loca...}, goog:chromeOptions: {debuggerAddress: localhost:14198}, javascriptEnabled: true, networkConnectionEnabled: false, pageLoadStrategy: normal, platform: WINDOWS, platformName: WINDOWS, proxy: Proxy(), setWindowRect: true, strictFileInteractability: false, timeouts: {implicit: 0, pageLoad: 300000, script: 30000}, unhandledPromptBehavior: dismiss and notify, webauthn:extension:credBlob: true, webauthn:extension:largeBlob: true, webauthn:virtualAuthenticators: true}
Session ID: ef060facf45069aa1673055d46abcf7b]]>
            </message>
            <full-stacktrace>
              <![CDATA[org.openqa.selenium.WebDriverException: unknown error: cannot determine loading status
from unknown error: unexpected command response
  (Session info: chrome=103.0.5060.134)
Build info: version: '3.141.59', revision: 'e82be7d358', time: '2018-11-14T08:17:03'
System info: host: 'DESKTOP-VO7LGM5', ip: '192.168.213.64', os.name: 'Windows 10', os.arch: 'amd64', os.version: '10.0', java.version: '1.8.0_202'
Driver info: org.openqa.selenium.chrome.ChromeDriver
Capabilities {acceptInsecureCerts: false, browserName: chrome, browserVersion: 103.0.5060.134, chrome: {chromedriverVersion: 103.0.5060.53 (a1711811edd7..., userDataDir: C:\Users\ravik\AppData\Loca...}, goog:chromeOptions: {debuggerAddress: localhost:14198}, javascriptEnabled: true, networkConnectionEnabled: false, pageLoadStrategy: normal, platform: WINDOWS, platformName: WINDOWS, proxy: Proxy(), setWindowRect: true, strictFileInteractability: false, timeouts: {implicit: 0, pageLoad: 300000, script: 30000}, unhandledPromptBehavior: dismiss and notify, webauthn:extension:credBlob: true, webauthn:extension:largeBlob: true, webauthn:virtualAuthenticators: true}
Session ID: ef060facf45069aa1673055d46abcf7b
at sun.reflect.NativeConstructorAccessorImpl.newInstance0(Native Method)
at sun.reflect.NativeConstructorAccessorImpl.newInstance(NativeConstructorAccessorImpl.java:62)
at sun.reflect.DelegatingConstructorAccessorImpl.newInstance(DelegatingConstructorAccessorImpl.java:45)
at java.lang.reflect.Constructor.newInstance(Constructor.java:423)
at org.openqa.selenium.remote.http.W3CHttpResponseCodec.createException(W3CHttpResponseCodec.java:187)
at org.openqa.selenium.remote.http.W3CHttpResponseCodec.decode(W3CHttpResponseCodec.java:122)
at org.openqa.selenium.remote.http.W3CHttpResponseCodec.decode(W3CHttpResponseCodec.java:49)
at org.openqa.selenium.remote.HttpCommandExecutor.execute(HttpCommandExecutor.java:158)
at org.openqa.selenium.remote.service.DriverCommandExecutor.execute(DriverCommandExecutor.java:83)
at org.openqa.selenium.remote.RemoteWebDriver.execute(RemoteWebDriver.java:552)
at org.openqa.selenium.remote.RemoteWebDriver.get(RemoteWebDriver.java:277)
at testCase.TC_KalkiFash_001_Test.Login(TC_KalkiFash_001_Test.java:15)
at sun.reflect.NativeMethodAccessorImpl.invoke0(Native Method)
at sun.reflect.NativeMethodAccessorImpl.invoke(NativeMethodAccessorImpl.java:62)
at sun.reflect.DelegatingMethodAccessorImpl.invoke(DelegatingMethodAccessorImpl.java:43)
at java.lang.reflect.Method.invoke(Method.java:498)
at org.testng.internal.MethodInvocationHelper.invokeMethod(MethodInvocationHelper.java:132)
at org.testng.internal.TestInvoker.invokeMethod(TestInvoker.java:599)
at org.testng.internal.TestInvoker.invokeTestMethod(TestInvoker.java:174)
at org.testng.internal.MethodRunner.runInSequence(MethodRunner.java:46)
at org.testng.internal.TestInvoker$MethodInvocationAgent.invoke(TestInvoker.java:822)
at org.testng.internal.TestInvoker.invokeTestMethods(TestInvoker.java:147)
at org.testng.internal.TestMethodWorker.invokeTestMethods(TestMethodWorker.java:146)
at org.testng.internal.TestMethodWorker.run(TestMethodWorker.java:128)
at java.util.ArrayList.forEach(ArrayList.java:1257)
at org.testng.TestRunner.privateRun(TestRunner.java:764)
at org.testng.TestRunner.run(TestRunner.java:585)
at org.testng.SuiteRunner.runTest(SuiteRunner.java:384)
at org.testng.SuiteRunner.runSequentially(SuiteRunner.java:378)
at org.testng.SuiteRunner.privateRun(SuiteRunner.java:337)
at org.testng.SuiteRunner.run(SuiteRunner.java:286)
at org.testng.SuiteRunnerWorker.runSuite(SuiteRunnerWorker.java:53)
at org.testng.SuiteRunnerWorker.run(SuiteRunnerWorker.java:96)
at org.testng.TestNG.runSuitesSequentially(TestNG.java:1218)
at org.testng.TestNG.runSuitesLocally(TestNG.java:1140)
at org.testng.TestNG.runSuites(TestNG.java:1069)
at org.testng.TestNG.run(TestNG.java:1037)
at org.apache.maven.surefire.testng.TestNGExecutor.run(TestNGExecutor.java:324)
at org.apache.maven.surefire.testng.TestNGXmlTestSuite.execute(TestNGXmlTestSuite.java:74)
at org.apache.maven.surefire.testng.TestNGProvider.invoke(TestNGProvider.java:123)
at org.apache.maven.surefire.booter.ForkedBooter.runSuitesInProcess(ForkedBooter.java:456)
at org.apache.maven.surefire.booter.ForkedBooter.execute(ForkedBooter.java:169)
at org.apache.maven.surefire.booter.ForkedBooter.run(ForkedBooter.java:595)
at org.apache.maven.surefire.booter.ForkedBooter.main(ForkedBooter.java:581)
]]>
            </full-stacktrace>
          </exception> <!-- org.openqa.selenium.WebDriverException -->
          <reporter-output>
          </reporter-output>
        </test-method> <!-- Login -->
        <test-method status="PASS" signature="Browser_tear_down()[pri:0, instance:testCase.TC_KalkiFash_001_Test@6536e911]" name="Browser_tear_down" is-config="true" duration-ms="3713" started-at="2022-08-03T14:49:54 IST" finished-at="2022-08-03T14:49:57 IST">
          <reporter-output>
          </reporter-output>
        </test-method> <!-- Browser_tear_down -->
      </class> <!-- testCase.TC_KalkiFash_001_Test -->
      <class name="testCase.TC_KAlkifashion_002_Test">
        <test-method status="PASS" signature="Browser_Setup()[pri:0, instance:testCase.TC_KAlkifashion_002_Test@3e9b1010]" name="Browser_Setup" is-config="true" duration-ms="3916" started-at="2022-08-03T14:51:44 IST" finished-at="2022-08-03T14:51:48 IST">
          <reporter-output>
            <line>
              <![CDATA[Browser is launched succssfully]]>
            </line>
            <line>
              <![CDATA[Window is maximized succssfully]]>
            </line>
          </reporter-output>
        </test-method> <!-- Browser_Setup -->
        <test-method status="PASS" signature="login()[pri:0, instance:testCase.TC_KAlkifashion_002_Test@3e9b1010]" name="login" duration-ms="59654" started-at="2022-08-03T14:51:48 IST" finished-at="2022-08-03T14:52:48 IST">
          <reporter-output>
          </reporter-output>
        </test-method> <!-- login -->
        <test-method status="PASS" signature="Browser_tear_down()[pri:0, instance:testCase.TC_KAlkifashion_002_Test@3e9b1010]" name="Browser_tear_down" is-config="true" duration-ms="3706" started-at="2022-08-03T14:52:48 IST" finished-at="2022-08-03T14:52:51 IST">
          <reporter-output>
          </reporter-output>
        </test-method> <!-- Browser_tear_down -->
      </class> <!-- testCase.TC_KAlkifashion_002_Test -->
    </test> <!-- Test -->
  </suite> <!-- Suite -->
</testng-results>
