<?xml version="1.0" encoding="UTF-8"?>
<testng-results skipped="0" failed="0" ignored="0" total="1" passed="1">
  <reporter-output>
    <line>
      <![CDATA[Browser is launched]]>
    </line>
    <line>
      <![CDATA[url is triggered]]>
    </line>
  </reporter-output>
  <suite name="Default suite" duration-ms="39909" started-at="2022-12-20T11:30:09 IST" finished-at="2022-12-20T11:30:49 IST">
    <groups>
    </groups>
    <test name="Default test" duration-ms="39909" started-at="2022-12-20T11:30:09 IST" finished-at="2022-12-20T11:30:49 IST">
      <class name="mvn_parameter.TestCases_into_automation_script">
        <test-method status="PASS" signature="Browserlaunch()[pri:0, instance:mvn_parameter.TestCases_into_automation_script@462d5aee]" name="Browserlaunch" is-config="true" duration-ms="4428" started-at="2022-12-20T11:30:09 IST" finished-at="2022-12-20T11:30:14 IST">
          <reporter-output>
            <line>
              <![CDATA[Browser is launched]]>
            </line>
          </reporter-output>
        </test-method> <!-- Browserlaunch -->
        <test-method status="PASS" signature="Login()[pri:0, instance:mvn_parameter.TestCases_into_automation_script@462d5aee]" name="Login" duration-ms="35225" started-at="2022-12-20T11:30:14 IST" finished-at="2022-12-20T11:30:49 IST">
          <reporter-output>
            <line>
              <![CDATA[url is triggered]]>
            </line>
          </reporter-output>
        </test-method> <!-- Login -->
      </class> <!-- mvn_parameter.TestCases_into_automation_script -->
    </test> <!-- Default test -->
  </suite> <!-- Default suite -->
</testng-results>
