<?xml version="1.0" encoding="UTF-8"?>
<testng-results ignored="0" total="1" passed="0" failed="1" skipped="0">
  <reporter-output>
    <line>
      <![CDATA[Browser is launched]]>
    </line>
    <line>
      <![CDATA[url is triggered]]>
    </line>
  </reporter-output>
  <suite started-at="2022-08-09T10:35:04 IST" name="Default suite" finished-at="2022-08-09T10:35:52 IST" duration-ms="47880">
    <groups>
    </groups>
    <test started-at="2022-08-09T10:35:04 IST" name="Default test" finished-at="2022-08-09T10:35:52 IST" duration-ms="47880">
      <class name="mvn_parameter.TestCases_into_automation_script">
        <test-method is-config="true" signature="Browserlaunch()[pri:0, instance:mvn_parameter.TestCases_into_automation_script@4d0f2471]" started-at="2022-08-09T10:35:04 IST" name="Browserlaunch" finished-at="2022-08-09T10:35:06 IST" duration-ms="2106" status="PASS">
          <reporter-output>
            <line>
              <![CDATA[Browser is launched]]>
            </line>
          </reporter-output>
        </test-method> <!-- Browserlaunch -->
        <test-method signature="Login()[pri:0, instance:mvn_parameter.TestCases_into_automation_script@4d0f2471]" started-at="2022-08-09T10:35:06 IST" name="Login" finished-at="2022-08-09T10:35:52 IST" duration-ms="45735" status="FAIL">
          <exception class="java.lang.NullPointerException">
            <message>
              <![CDATA[Cannot invoke "org.openqa.selenium.WebElement.sendKeys(java.lang.CharSequence[])" because the return value of "mvn_parameter.Home_page.getSearch()" is null]]>
            </message>
            <full-stacktrace>
              <![CDATA[java.lang.NullPointerException: Cannot invoke "org.openqa.selenium.WebElement.sendKeys(java.lang.CharSequence[])" because the return value of "mvn_parameter.Home_page.getSearch()" is null
at mvn_parameter.TestCases_into_automation_script.Login(TestCases_into_automation_script.java:45)
at java.base/jdk.internal.reflect.DirectMethodHandleAccessor.invoke(DirectMethodHandleAccessor.java:104)
at java.base/java.lang.reflect.Method.invoke(Method.java:577)
at org.testng.internal.MethodInvocationHelper.invokeMethod(MethodInvocationHelper.java:133)
at org.testng.internal.TestInvoker.invokeMethod(TestInvoker.java:598)
at org.testng.internal.TestInvoker.invokeTestMethod(TestInvoker.java:173)
at org.testng.internal.MethodRunner.runInSequence(MethodRunner.java:46)
at org.testng.internal.TestInvoker$MethodInvocationAgent.invoke(TestInvoker.java:824)
at org.testng.internal.TestInvoker.invokeTestMethods(TestInvoker.java:146)
at org.testng.internal.TestMethodWorker.invokeTestMethods(TestMethodWorker.java:146)
at org.testng.internal.TestMethodWorker.run(TestMethodWorker.java:128)
at java.base/java.util.ArrayList.forEach(ArrayList.java:1511)
at org.testng.TestRunner.privateRun(TestRunner.java:794)
at org.testng.TestRunner.run(TestRunner.java:596)
at org.testng.SuiteRunner.runTest(SuiteRunner.java:377)
at org.testng.SuiteRunner.runSequentially(SuiteRunner.java:371)
at org.testng.SuiteRunner.privateRun(SuiteRunner.java:332)
at org.testng.SuiteRunner.run(SuiteRunner.java:276)
at org.testng.SuiteRunnerWorker.runSuite(SuiteRunnerWorker.java:53)
at org.testng.SuiteRunnerWorker.run(SuiteRunnerWorker.java:96)
at org.testng.TestNG.runSuitesSequentially(TestNG.java:1212)
at org.testng.TestNG.runSuitesLocally(TestNG.java:1134)
at org.testng.TestNG.runSuites(TestNG.java:1063)
at org.testng.TestNG.run(TestNG.java:1031)
at org.testng.remote.AbstractRemoteTestNG.run(AbstractRemoteTestNG.java:115)
at org.testng.remote.RemoteTestNG.initAndRun(RemoteTestNG.java:251)
at org.testng.remote.RemoteTestNG.main(RemoteTestNG.java:77)
]]>
            </full-stacktrace>
          </exception> <!-- java.lang.NullPointerException -->
          <reporter-output>
            <line>
              <![CDATA[url is triggered]]>
            </line>
          </reporter-output>
        </test-method> <!-- Login -->
      </class> <!-- mvn_parameter.TestCases_into_automation_script -->
    </test> <!-- Default test -->
  </suite> <!-- Default suite -->
</testng-results>
