<?xml version="1.0" encoding="UTF-8"?>
<!-- Generated by org.testng.reporters.JUnitXMLReporter -->
<testsuite hostname="DESKTOP-VO7LGM5" ignored="0" name="Command line test" tests="5" failures="0" timestamp="2022-08-01T12:58:42 IST" time="159.228" errors="0">
  <testcase name="ScriptFlow" time="0.805" classname="tasks.TC_NaukridotCom_001_Test"/>
  <testcase name="login" time="30.586" classname="testCase.TC_KAlkifashion_002_Test"/>
  <testcase name="login" time="36.753" classname="testCase.TC_Kalkifashion_004_Test"/>
  <testcase name="Login" time="19.927" classname="testCase.TC_KalkiFash_001_Test"/>
  <testcase name="login" time="35.271" classname="testCase.TC_kalkiFash_003_Test"/>
</testsuite> <!-- Command line test -->
