<?xml version="1.0" encoding="UTF-8"?>
<!-- Generated by org.testng.reporters.JUnitXMLReporter -->
<testsuite ignored="0" hostname="DESKTOP-VO7LGM5" failures="4" tests="6" name="Test(failed)" time="136.714" errors="0" timestamp="2022-07-14T15:38:07 IST">
  <testcase classname="elf_5_test_script.flipkart2" name="demo" time="14.414">
    <failure type="org.openqa.selenium.WebDriverException" message="Reached error page: about:neterror?e=nssFailure2&amp;amp;u=https%3A//www.flipkart.com/&amp;amp;c=UTF-8&amp;amp;d=The%20connection%20to%20www.flipkart.com%20was%20interrupted%20while%20the%20page%20was%20loading.
Build info: version: &amp;apos;3.141.59&amp;apos;, revision: &amp;apos;e82be7d358&amp;apos;, time: &amp;apos;2018-11-14T08:25:53&amp;apos;
System info: host: &amp;apos;DESKTOP-VO7LGM5&amp;apos;, ip: &amp;apos;10.10.60.208&amp;apos;, os.name: &amp;apos;Windows 10&amp;apos;, os.arch: &amp;apos;amd64&amp;apos;, os.version: &amp;apos;10.0&amp;apos;, java.version: &amp;apos;18.0.1&amp;apos;
Driver info: org.openqa.selenium.firefox.FirefoxDriver
Capabilities {acceptInsecureCerts: true, browserName: firefox, browserVersion: 102.0.1, javascriptEnabled: true, moz:accessibilityChecks: false, moz:buildID: 20220705093820, moz:geckodriverVersion: 0.31.0, moz:headless: false, moz:processID: 9480, moz:profile: C:\Users\ravik\AppData\Loca..., moz:shutdownTimeout: 60000, moz:useNonSpecCompliantPointerOrigin: false, moz:webdriverClick: true, moz:windowless: false, pageLoadStrategy: normal, platform: WINDOWS, platformName: WINDOWS, platformVersion: 10.0, proxy: Proxy(), setWindowRect: true, strictFileInteractability: false, timeouts: {implicit: 0, pageLoad: 300000, script: 30000}, unhandledPromptBehavior: dismiss and notify}
Session ID: e2f816c9-2f81-4be0-a2ba-14a79617b8f7">
      <![CDATA[org.openqa.selenium.WebDriverException: Reached error page: about:neterror?e=nssFailure2&u=https%3A//www.flipkart.com/&c=UTF-8&d=The%20connection%20to%20www.flipkart.com%20was%20interrupted%20while%20the%20page%20was%20loading.
Build info: version: '3.141.59', revision: 'e82be7d358', time: '2018-11-14T08:25:53'
System info: host: 'DESKTOP-VO7LGM5', ip: '10.10.60.208', os.name: 'Windows 10', os.arch: 'amd64', os.version: '10.0', java.version: '18.0.1'
Driver info: org.openqa.selenium.firefox.FirefoxDriver
Capabilities {acceptInsecureCerts: true, browserName: firefox, browserVersion: 102.0.1, javascriptEnabled: true, moz:accessibilityChecks: false, moz:buildID: 20220705093820, moz:geckodriverVersion: 0.31.0, moz:headless: false, moz:processID: 9480, moz:profile: C:\Users\ravik\AppData\Loca..., moz:shutdownTimeout: 60000, moz:useNonSpecCompliantPointerOrigin: false, moz:webdriverClick: true, moz:windowless: false, pageLoadStrategy: normal, platform: WINDOWS, platformName: WINDOWS, platformVersion: 10.0, proxy: Proxy(), setWindowRect: true, strictFileInteractability: false, timeouts: {implicit: 0, pageLoad: 300000, script: 30000}, unhandledPromptBehavior: dismiss and notify}
Session ID: e2f816c9-2f81-4be0-a2ba-14a79617b8f7
at org.openqa.selenium.remote.http.W3CHttpResponseCodec.createException(W3CHttpResponseCodec.java:187)
at org.openqa.selenium.remote.http.W3CHttpResponseCodec.decode(W3CHttpResponseCodec.java:122)
at org.openqa.selenium.remote.http.W3CHttpResponseCodec.decode(W3CHttpResponseCodec.java:49)
at org.openqa.selenium.remote.HttpCommandExecutor.execute(HttpCommandExecutor.java:158)
at org.openqa.selenium.remote.service.DriverCommandExecutor.execute(DriverCommandExecutor.java:83)
at org.openqa.selenium.remote.RemoteWebDriver.execute(RemoteWebDriver.java:552)
at org.openqa.selenium.remote.RemoteWebDriver.get(RemoteWebDriver.java:277)
at org.openqa.selenium.remote.RemoteWebDriver$RemoteNavigation.to(RemoteWebDriver.java:857)
at elf_5_test_script.flipkart2.demo(flipkart2.java:19)
at java.base/java.util.ArrayList.forEach(ArrayList.java:1511)
... Removed 28 stack frames]]>
    </failure>
  </testcase> <!-- demo -->
  <testcase classname="elf_5_test_script.allibaba" name="demo" time="17.698"/>
  <testcase classname="elf_5_test_script.ncrt" name="test" time="53.09">
    <failure type="org.openqa.selenium.NoSuchWindowException" message="Browsing context has been discarded
Build info: version: &amp;apos;3.141.59&amp;apos;, revision: &amp;apos;e82be7d358&amp;apos;, time: &amp;apos;2018-11-14T08:25:53&amp;apos;
System info: host: &amp;apos;DESKTOP-VO7LGM5&amp;apos;, ip: &amp;apos;10.10.60.208&amp;apos;, os.name: &amp;apos;Windows 10&amp;apos;, os.arch: &amp;apos;amd64&amp;apos;, os.version: &amp;apos;10.0&amp;apos;, java.version: &amp;apos;18.0.1&amp;apos;
Driver info: org.openqa.selenium.firefox.FirefoxDriver
Capabilities {acceptInsecureCerts: true, browserName: firefox, browserVersion: 102.0.1, javascriptEnabled: true, moz:accessibilityChecks: false, moz:buildID: 20220705093820, moz:geckodriverVersion: 0.31.0, moz:headless: false, moz:processID: 7276, moz:profile: C:\Users\ravik\AppData\Loca..., moz:shutdownTimeout: 60000, moz:useNonSpecCompliantPointerOrigin: false, moz:webdriverClick: true, moz:windowless: false, pageLoadStrategy: normal, platform: WINDOWS, platformName: WINDOWS, platformVersion: 10.0, proxy: Proxy(), setWindowRect: true, strictFileInteractability: false, timeouts: {implicit: 0, pageLoad: 300000, script: 30000}, unhandledPromptBehavior: dismiss and notify}
Session ID: faf7ed0a-0f0f-40e1-ab1f-9987587bddd4">
      <![CDATA[org.openqa.selenium.NoSuchWindowException: Browsing context has been discarded
Build info: version: '3.141.59', revision: 'e82be7d358', time: '2018-11-14T08:25:53'
System info: host: 'DESKTOP-VO7LGM5', ip: '10.10.60.208', os.name: 'Windows 10', os.arch: 'amd64', os.version: '10.0', java.version: '18.0.1'
Driver info: org.openqa.selenium.firefox.FirefoxDriver
Capabilities {acceptInsecureCerts: true, browserName: firefox, browserVersion: 102.0.1, javascriptEnabled: true, moz:accessibilityChecks: false, moz:buildID: 20220705093820, moz:geckodriverVersion: 0.31.0, moz:headless: false, moz:processID: 7276, moz:profile: C:\Users\ravik\AppData\Loca..., moz:shutdownTimeout: 60000, moz:useNonSpecCompliantPointerOrigin: false, moz:webdriverClick: true, moz:windowless: false, pageLoadStrategy: normal, platform: WINDOWS, platformName: WINDOWS, platformVersion: 10.0, proxy: Proxy(), setWindowRect: true, strictFileInteractability: false, timeouts: {implicit: 0, pageLoad: 300000, script: 30000}, unhandledPromptBehavior: dismiss and notify}
Session ID: faf7ed0a-0f0f-40e1-ab1f-9987587bddd4
at org.openqa.selenium.remote.http.W3CHttpResponseCodec.createException(W3CHttpResponseCodec.java:187)
at org.openqa.selenium.remote.http.W3CHttpResponseCodec.decode(W3CHttpResponseCodec.java:122)
at org.openqa.selenium.remote.http.W3CHttpResponseCodec.decode(W3CHttpResponseCodec.java:49)
at org.openqa.selenium.remote.HttpCommandExecutor.execute(HttpCommandExecutor.java:158)
at org.openqa.selenium.remote.service.DriverCommandExecutor.execute(DriverCommandExecutor.java:83)
at org.openqa.selenium.remote.RemoteWebDriver.execute(RemoteWebDriver.java:552)
at org.openqa.selenium.remote.RemoteWebDriver.execute(RemoteWebDriver.java:609)
at org.openqa.selenium.remote.RemoteWebDriver.close(RemoteWebDriver.java:442)
at elf_5_test_script.ncrt.test(ncrt.java:19)
at java.base/java.util.ArrayList.forEach(ArrayList.java:1511)
... Removed 28 stack frames]]>
    </failure>
  </testcase> <!-- test -->
  <testcase classname="elf_5_test_script.flipkart3" name="demo" time="17.348">
    <failure type="org.openqa.selenium.WebDriverException" message="Reached error page: about:neterror?e=nssFailure2&amp;amp;u=https%3A//www.flipkart.com/&amp;amp;c=UTF-8&amp;amp;d=The%20connection%20to%20www.flipkart.com%20was%20interrupted%20while%20the%20page%20was%20loading.
Build info: version: &amp;apos;3.141.59&amp;apos;, revision: &amp;apos;e82be7d358&amp;apos;, time: &amp;apos;2018-11-14T08:25:53&amp;apos;
System info: host: &amp;apos;DESKTOP-VO7LGM5&amp;apos;, ip: &amp;apos;10.10.60.208&amp;apos;, os.name: &amp;apos;Windows 10&amp;apos;, os.arch: &amp;apos;amd64&amp;apos;, os.version: &amp;apos;10.0&amp;apos;, java.version: &amp;apos;18.0.1&amp;apos;
Driver info: org.openqa.selenium.firefox.FirefoxDriver
Capabilities {acceptInsecureCerts: true, browserName: firefox, browserVersion: 102.0.1, javascriptEnabled: true, moz:accessibilityChecks: false, moz:buildID: 20220705093820, moz:geckodriverVersion: 0.31.0, moz:headless: false, moz:processID: 5684, moz:profile: C:\Users\ravik\AppData\Loca..., moz:shutdownTimeout: 60000, moz:useNonSpecCompliantPointerOrigin: false, moz:webdriverClick: true, moz:windowless: false, pageLoadStrategy: normal, platform: WINDOWS, platformName: WINDOWS, platformVersion: 10.0, proxy: Proxy(), setWindowRect: true, strictFileInteractability: false, timeouts: {implicit: 0, pageLoad: 300000, script: 30000}, unhandledPromptBehavior: dismiss and notify}
Session ID: c5f66a43-0d82-40e9-92fd-ceb2789faa7a">
      <![CDATA[org.openqa.selenium.WebDriverException: Reached error page: about:neterror?e=nssFailure2&u=https%3A//www.flipkart.com/&c=UTF-8&d=The%20connection%20to%20www.flipkart.com%20was%20interrupted%20while%20the%20page%20was%20loading.
Build info: version: '3.141.59', revision: 'e82be7d358', time: '2018-11-14T08:25:53'
System info: host: 'DESKTOP-VO7LGM5', ip: '10.10.60.208', os.name: 'Windows 10', os.arch: 'amd64', os.version: '10.0', java.version: '18.0.1'
Driver info: org.openqa.selenium.firefox.FirefoxDriver
Capabilities {acceptInsecureCerts: true, browserName: firefox, browserVersion: 102.0.1, javascriptEnabled: true, moz:accessibilityChecks: false, moz:buildID: 20220705093820, moz:geckodriverVersion: 0.31.0, moz:headless: false, moz:processID: 5684, moz:profile: C:\Users\ravik\AppData\Loca..., moz:shutdownTimeout: 60000, moz:useNonSpecCompliantPointerOrigin: false, moz:webdriverClick: true, moz:windowless: false, pageLoadStrategy: normal, platform: WINDOWS, platformName: WINDOWS, platformVersion: 10.0, proxy: Proxy(), setWindowRect: true, strictFileInteractability: false, timeouts: {implicit: 0, pageLoad: 300000, script: 30000}, unhandledPromptBehavior: dismiss and notify}
Session ID: c5f66a43-0d82-40e9-92fd-ceb2789faa7a
at org.openqa.selenium.remote.http.W3CHttpResponseCodec.createException(W3CHttpResponseCodec.java:187)
at org.openqa.selenium.remote.http.W3CHttpResponseCodec.decode(W3CHttpResponseCodec.java:122)
at org.openqa.selenium.remote.http.W3CHttpResponseCodec.decode(W3CHttpResponseCodec.java:49)
at org.openqa.selenium.remote.HttpCommandExecutor.execute(HttpCommandExecutor.java:158)
at org.openqa.selenium.remote.service.DriverCommandExecutor.execute(DriverCommandExecutor.java:83)
at org.openqa.selenium.remote.RemoteWebDriver.execute(RemoteWebDriver.java:552)
at org.openqa.selenium.remote.RemoteWebDriver.get(RemoteWebDriver.java:277)
at org.openqa.selenium.remote.RemoteWebDriver$RemoteNavigation.to(RemoteWebDriver.java:857)
at elf_5_test_script.flipkart3.demo(flipkart3.java:19)
at java.base/java.util.ArrayList.forEach(ArrayList.java:1511)
... Removed 28 stack frames]]>
    </failure>
  </testcase> <!-- demo -->
  <testcase classname="elf_5_test_script.passport_dot_seva" name="test" time="19.935"/>
  <testcase classname="elf_5_test_script.flipkart" name="demo" time="14.17">
    <failure type="org.openqa.selenium.WebDriverException" message="Reached error page: about:neterror?e=nssFailure2&amp;amp;u=https%3A//www.flipkart.com/&amp;amp;c=UTF-8&amp;amp;d=The%20connection%20to%20www.flipkart.com%20was%20interrupted%20while%20the%20page%20was%20loading.
Build info: version: &amp;apos;3.141.59&amp;apos;, revision: &amp;apos;e82be7d358&amp;apos;, time: &amp;apos;2018-11-14T08:25:53&amp;apos;
System info: host: &amp;apos;DESKTOP-VO7LGM5&amp;apos;, ip: &amp;apos;10.10.60.208&amp;apos;, os.name: &amp;apos;Windows 10&amp;apos;, os.arch: &amp;apos;amd64&amp;apos;, os.version: &amp;apos;10.0&amp;apos;, java.version: &amp;apos;18.0.1&amp;apos;
Driver info: org.openqa.selenium.firefox.FirefoxDriver
Capabilities {acceptInsecureCerts: true, browserName: firefox, browserVersion: 102.0.1, javascriptEnabled: true, moz:accessibilityChecks: false, moz:buildID: 20220705093820, moz:geckodriverVersion: 0.31.0, moz:headless: false, moz:processID: 16328, moz:profile: C:\Users\ravik\AppData\Loca..., moz:shutdownTimeout: 60000, moz:useNonSpecCompliantPointerOrigin: false, moz:webdriverClick: true, moz:windowless: false, pageLoadStrategy: normal, platform: WINDOWS, platformName: WINDOWS, platformVersion: 10.0, proxy: Proxy(), setWindowRect: true, strictFileInteractability: false, timeouts: {implicit: 0, pageLoad: 300000, script: 30000}, unhandledPromptBehavior: dismiss and notify}
Session ID: 5596b9c3-36ec-4ff8-857d-175f22d18b6b">
      <![CDATA[org.openqa.selenium.WebDriverException: Reached error page: about:neterror?e=nssFailure2&u=https%3A//www.flipkart.com/&c=UTF-8&d=The%20connection%20to%20www.flipkart.com%20was%20interrupted%20while%20the%20page%20was%20loading.
Build info: version: '3.141.59', revision: 'e82be7d358', time: '2018-11-14T08:25:53'
System info: host: 'DESKTOP-VO7LGM5', ip: '10.10.60.208', os.name: 'Windows 10', os.arch: 'amd64', os.version: '10.0', java.version: '18.0.1'
Driver info: org.openqa.selenium.firefox.FirefoxDriver
Capabilities {acceptInsecureCerts: true, browserName: firefox, browserVersion: 102.0.1, javascriptEnabled: true, moz:accessibilityChecks: false, moz:buildID: 20220705093820, moz:geckodriverVersion: 0.31.0, moz:headless: false, moz:processID: 16328, moz:profile: C:\Users\ravik\AppData\Loca..., moz:shutdownTimeout: 60000, moz:useNonSpecCompliantPointerOrigin: false, moz:webdriverClick: true, moz:windowless: false, pageLoadStrategy: normal, platform: WINDOWS, platformName: WINDOWS, platformVersion: 10.0, proxy: Proxy(), setWindowRect: true, strictFileInteractability: false, timeouts: {implicit: 0, pageLoad: 300000, script: 30000}, unhandledPromptBehavior: dismiss and notify}
Session ID: 5596b9c3-36ec-4ff8-857d-175f22d18b6b
at org.openqa.selenium.remote.http.W3CHttpResponseCodec.createException(W3CHttpResponseCodec.java:187)
at org.openqa.selenium.remote.http.W3CHttpResponseCodec.decode(W3CHttpResponseCodec.java:122)
at org.openqa.selenium.remote.http.W3CHttpResponseCodec.decode(W3CHttpResponseCodec.java:49)
at org.openqa.selenium.remote.HttpCommandExecutor.execute(HttpCommandExecutor.java:158)
at org.openqa.selenium.remote.service.DriverCommandExecutor.execute(DriverCommandExecutor.java:83)
at org.openqa.selenium.remote.RemoteWebDriver.execute(RemoteWebDriver.java:552)
at org.openqa.selenium.remote.RemoteWebDriver.get(RemoteWebDriver.java:277)
at org.openqa.selenium.remote.RemoteWebDriver$RemoteNavigation.to(RemoteWebDriver.java:857)
at elf_5_test_script.flipkart.demo(flipkart.java:19)
at java.base/java.util.ArrayList.forEach(ArrayList.java:1511)
... Removed 28 stack frames]]>
    </failure>
  </testcase> <!-- demo -->
</testsuite> <!-- Test(failed) -->
