<?xml version="1.0" encoding="UTF-8"?>
<!-- Generated by org.testng.reporters.JUnitXMLReporter -->
<testsuite hostname="DESKTOP-VO7LGM5" ignored="0" name="Test" tests="4" failures="0" timestamp="2022-12-20T11:33:47 IST" time="68.04" errors="0">
  <testcase name="Login" time="9.499" classname="testCase.TC_KalkiFash_001_Test"/>
  <testcase name="login" time="9.056" classname="testCase.TC_kalkiFash_003_Test"/>
  <testcase name="login" time="7.113" classname="testCase.TC_Kalkifashion_004_Test"/>
  <testcase name="login" time="16.853" classname="testCase.TC_KAlkifashion_002_Test"/>
</testsuite> <!-- Test -->
