<?xml version="1.0" encoding="UTF-8"?>
<!-- Generated by org.testng.reporters.JUnitXMLReporter -->
<testsuite ignored="0" hostname="DESKTOP-VO7LGM5" failures="0" tests="3" name="chrome Test" time="87.568" errors="0" timestamp="2022-07-20T12:52:36 IST">
  <testcase classname="xml_to_excel_data_provider_excel.Base_script3" name="login" time="0.109"/>
  <testcase classname="xml_to_excel_data_provider_excel.BASE_script" name="exhecute" time="0.1"/>
  <testcase classname="xml_to_excel_data_provider_excel.Base_script2" name="fast" time="0.093"/>
</testsuite> <!-- chrome Test -->
